[30-Jul-2024 18:11:55 UTC] PHP Warning:  plugins_api(): An unexpected error occurred. Something may be wrong with WordPress.org or this server&#8217;s configuration. If you continue to have problems, please try the <a href="https://wordpress.org/support/forums/">support forums</a>. (WordPress could not establish a secure connection to WordPress.org. Please contact your server administrator.) in /var/www/html/wp-includes/functions.php on line 6085
[30-Jul-2024 20:03:53 UTC] PHP Fatal error:  Uncaught ArgumentCountError: Too few arguments to function modify_body_classes(), 1 passed in /var/www/html/wp-includes/class-wp-hook.php on line 324 and exactly 2 expected in /var/www/html/wp-content/themes/twentynineteen/functions.php:13
Stack trace:
#0 /var/www/html/wp-includes/class-wp-hook.php(324): modify_body_classes('\n<p>Welcome to ...')
#1 /var/www/html/wp-includes/plugin.php(205): WP_Hook->apply_filters('\n<p>Welcome to ...', Array)
#2 /var/www/html/wp-includes/post-template.php(256): apply_filters('the_content', '<!-- wp:paragra...')
#3 /var/www/html/wp-content/themes/twentynineteen/template-parts/content/content.php(32): the_content('Continue readin...')
#4 /var/www/html/wp-includes/template.php(812): require('/var/www/html/w...')
#5 /var/www/html/wp-includes/template.php(745): load_template('/var/www/html/w...', false, Array)
#6 /var/www/html/wp-includes/general-template.php(206): locate_template(Array, true, false, Array)
#7 /var/www/html/wp-content/themes/twentynineteen/index.php(29): get_template_part('template-parts/...')
#8 /var/www/html/wp-includes/template-loader.php(106): include('/var/www/html/w...')
#9 /var/www/html/wp-blog-header.php(19): require_once('/var/www/html/w...')
#10 /var/www/html/index.php(17): require('/var/www/html/w...')
#11 {main}
  thrown in /var/www/html/wp-content/themes/twentynineteen/functions.php on line 13
[31-Jul-2024 07:05:24 UTC] Automatic updates starting...
[31-Jul-2024 07:05:26 UTC]   Automatic theme updates starting...
[31-Jul-2024 07:05:26 UTC]   Automatic theme updates complete.
[31-Jul-2024 07:05:26 UTC] Automatic updates complete.
